<?xml version="1.0" encoding="UTF-8" ?>
<testsuites>
  <testsuite errors="0" failures="1" hostname="chi" id="0" name="CrawlerTest" package="" tests="3" time="0.229" timestamp="2013-12-11T09:02:02">
      <properties>
[...]
</properties>

      <testcase classname="CrawlerTest" name="testconnecter" time="0.101" />

      <testcase classname="CrawlerTest" name="testspliter" time="0.07" />

      <testcase classname="CrawlerTest" name="testmySQL_storage" time="0.006">
          <failure message="單元測試尚未撰寫" type="junit.framework.AssertionFailedError">junit.framework.AssertionFailedError: 單元測試尚未撰寫
	at CrawlerTest.testmySQL_storage(CrawlerTest.java:31)
</failure>

      </testcase>

      <system-out><![CDATA[  					<h3><a href="/news/20131211/305903.htm">寒冬送暖　寶貝小腳ㄚ </a></h3>
  					<h3><a href="/news/20131211/305884.htm">口腔癌治療3歷程好慘　拒吃菸酒檳榔免受難 </a></h3>
  					<h3><a href="/news/20131211/305948.htm">愛買好康資訊　任天堂3DS XL+瑪莉歐兄弟2遊戲片免8千 </a></h3>
  					<h3><a href="/news/20131211/305940.htm">中職／桃猿公告第二波異動名單　黃欽智、林旺億遭釋出 </a></h3>
  					<h3><a href="/news/20131211/305944.htm">冬聯／客座捕手教練金田進　強調動作流暢度 </a></h3>
  					<h3><a href="/news/20131211/305945.htm">垃圾袋+購物袋！北市「環保二次袋」233門市買的到 </a></h3>
  					<h3><a href="/news/20131211/305929.htm">撤了1張糧商執照　農糧署：泉順還有8張 </a></h3>
  					<h3><a href="/news/20131211/305872.htm">MLB／球隊重點球員　張家兄弟提前赴美 </a></h3>
  					<h3><a href="/news/20131211/304967.htm">NOVA情報誌／4代交替 一觸即8　PC大吹整型風 </a></h3>
  					<h3><a href="/news/20131211/305938.htm">商業周刊／南韓起薪高台灣3倍的代價　75%大學生瘋補習 </a></h3>
  					<h3><a href="/news/20131211/305935.htm">NBA／Kobe爆扣拿20分　湖人仍輸太陽 </a></h3>
  					<h3><a href="/news/20131211/305919.htm">惡母街頭虐女　反噴員警「我他媽是在教育！」 </a></h3>
  					<h3><a href="/news/20131211/305933.htm">MLB／費城人先發三本柱瓦解　李、漢默斯皆可交易 </a></h3>
  					<h3><a href="/news/20131211/305848.htm">赴日購物免稅全面化、滿5千即可退稅　最快2014年實施 </a></h3>
  					<h3><a href="/news/20131211/305912.htm">范冰冰帶動充氣娃娃買氣　不被男網友放眼裡輸林志玲 </a></h3>
  					<h3><a href="/news/20131211/305939.htm">秘戀象迷娘又劈腿？納豆悶：全世界都覺得我是花花公子 </a></h3>
  					<h3><a href="/news/20131211/305920.htm">新北市創舉！12月14日起全聯粉紅購物袋可做為垃圾袋 </a></h3>
  					<h3><a href="/news/20131211/305936.htm">國內上市企業　邁向800家里程碑 </a></h3>
  					<h3><a href="/news/20131211/305871.htm">MLB／捱過Tommy John　江少慶、李振昌革命情感 </a></h3>
  					<h3><a href="/news/20131211/305672.htm">草間彌生無限鏡屋　一間房間整個宇宙 </a></h3>
  					<h3><a href="/news/20131211/305663.htm">榕樹學堂訊／常駐於秀峰之肺的地頭蛇 </a></h3>
  					<h3><a href="/news/20131211/305740.htm">清秀正咩魏可人　熱血中途貓媽咪 </a></h3>
  					<h3><a href="/news/20131211/305932.htm">國銀首例！北富銀承辦前海雙邊跨境人民幣貸款 </a></h3>
  					<h3><a href="/news/20131211/305930.htm">日月光K7廠遭勒令停工　張平沼：恐影響2014年GDP </a></h3>
  					<h3><a href="/news/20131211/305926.htm">冬聯／不少球員身體微恙　中職聯軍貧打3安、3連敗 </a></h3>
  					<h3><a href="/news/20131211/305923.htm">HBL／淡商快速球風席捲　3連勝教頭不敢大意 </a></h3>
  					<h3><a href="/news/20131211/305891.htm">張根碩賀微博突破1500萬　大曬性感鎖骨約定長城上熱舞 </a></h3>
  					<h3><a href="/news/20131211/305335.htm">蕭培麗／找回《神奇的眼睛》 </a></h3>
  					<h3><a href="/news/20131211/305928.htm">立院初審通過　券商權證避險證交稅降至千分之一 </a></h3>
  					<h3><a href="/news/20131211/304961.htm">VOCE／解決乾燥困擾！令人稱羨的水潤美人 </a></h3>
寒冬送暖　寶貝小腳ㄚ 
口腔癌治療3歷程好慘　拒吃菸酒檳榔免受難 
愛買好康資訊　任天堂3DS XL+瑪莉歐兄弟2遊戲片免8千 
中職／桃猿公告第二波異動名單　黃欽智、林旺億遭釋出 
冬聯／客座捕手教練金田進　強調動作流暢度 
垃圾袋+購物袋！北市「環保二次袋」233門市買的到 
撤了1張糧商執照　農糧署：泉順還有8張 
MLB／球隊重點球員　張家兄弟提前赴美 
NOVA情報誌／4代交替 一觸即8　PC大吹整型風 
商業周刊／南韓起薪高台灣3倍的代價　75%大學生瘋補習 
NBA／Kobe爆扣拿20分　湖人仍輸太陽 
惡母街頭虐女　反噴員警「我他媽是在教育！」 
MLB／費城人先發三本柱瓦解　李、漢默斯皆可交易 
赴日購物免稅全面化、滿5千即可退稅　最快2014年實施 
范冰冰帶動充氣娃娃買氣　不被男網友放眼裡輸林志玲 
秘戀象迷娘又劈腿？納豆悶：全世界都覺得我是花花公子 
新北市創舉！12月14日起全聯粉紅購物袋可做為垃圾袋 
國內上市企業　邁向800家里程碑 
MLB／捱過Tommy John　江少慶、李振昌革命情感 
草間彌生無限鏡屋　一間房間整個宇宙 
榕樹學堂訊／常駐於秀峰之肺的地頭蛇 
清秀正咩魏可人　熱血中途貓媽咪 
國銀首例！北富銀承辦前海雙邊跨境人民幣貸款 
日月光K7廠遭勒令停工　張平沼：恐影響2014年GDP 
冬聯／不少球員身體微恙　中職聯軍貧打3安、3連敗 
HBL／淡商快速球風席捲　3連勝教頭不敢大意 
張根碩賀微博突破1500萬　大曬性感鎖骨約定長城上熱舞 
蕭培麗／找回《神奇的眼睛》 
立院初審通過　券商權證避險證交稅降至千分之一 
VOCE／解決乾燥困擾！令人稱羨的水潤美人 
]]></system-out>

      <system-err><![CDATA[]]></system-err>

  </testsuite>
</testsuites>
