<?xml version="1.0" encoding="UTF-8" ?>
<testsuite errors="0" failures="1" hostname="chi" name="CrawlerTest" tests="3" time="0.534" timestamp="2013-12-11T15:05:08">
  <properties>
[...]
</properties>
  <testcase classname="CrawlerTest" name="testconnecter" time="0.198" />
  <testcase classname="CrawlerTest" name="testspliter" time="0.275" />
  <testcase classname="CrawlerTest" name="testmySQL_storage" time="0.004">
    <failure message="單元測試尚未撰寫" type="junit.framework.AssertionFailedError">junit.framework.AssertionFailedError: 單元測試尚未撰寫
	at CrawlerTest.testmySQL_storage(CrawlerTest.java:31)
</failure>
  </testcase>
  <system-out><![CDATA[  					<h3><a href="/news/20131211/306070.htm">蔡學良案烏龍？國防部：高院要求做「人體彈道測試」 </a></h3>
  					<h3><a href="/news/20131211/306074.htm">HBL／安樂爆冷退北一女　衛冕軍永仁3連勝晉級 </a></h3>
  					<h3><a href="/news/20131211/306068.htm">長庚女大生險遭拉上車　嘉義警方追2嫌 </a></h3>
  					<h3><a href="/news/20131211/306072.htm">冬聯／最年長赤堀大智4支4　拿第2座MVP </a></h3>
  					<h3><a href="/news/20131211/306071.htm">2014新希望　馬英九：拼經濟讓民眾短期有感 </a></h3>
  					<h3><a href="/news/20131211/305905.htm">新航學生方案　赴紐澳歐免費行李託運提升至40公斤 </a></h3>
  					<h3><a href="/news/20131211/306065.htm">冬聯／日職狂敲14安　開打以來14場11勝 </a></h3>
  					<h3><a href="/news/20131211/305772.htm">胰島素分泌促脂肪堆積　狂喝「健怡」可樂恐越減越肥 </a></h3>
  					<h3><a href="/news/20131211/306064.htm">大陸霾害襲台趨緩　環署解除預警 </a></h3>
  					<h3><a href="/news/20131211/306019.htm">好萊塢賠錢貨！亞當山德勒糗登榜首  帥哥萊恩也進榜 </a></h3>
  					<h3><a href="/news/20131211/306063.htm">鬍鬚張連4年加薪　幾分甜加薪1成 </a></h3>
  					<h3><a href="/news/20131211/306014.htm">兵變被討債　役男勒殺性侵三重母女起訴 </a></h3>
  					<h3><a href="/news/20131211/306061.htm">觀光菁英養成班　送你出國進修 </a></h3>
  					<h3><a href="/news/20131211/306060.htm">海倫清桃曾當洗碗工　時薪5美金 </a></h3>
  					<h3><a href="/news/20131211/306059.htm">名模錢帥君談打工　話多被Fire </a></h3>
  					<h3><a href="/news/20131211/306058.htm">星國開雙倍薪水　徵台灣幼教人才 </a></h3>
  					<h3><a href="/news/20131211/306039.htm">不砍樹也能造紙！台南大理石商研發C2C認證「石頭紙」 </a></h3>
  					<h3><a href="/news/20131211/306057.htm">王應傑：五千元創造億萬人生 </a></h3>
  					<h3><a href="/news/20131211/306056.htm">元大寶來台指評論—天險之說遭破解　賣壓趁隙湧出籠 </a></h3>
  					<h3><a href="/news/20131211/305464.htm">品嘗免費料理！　高雄烏魚文化節14日登場 </a></h3>
  					<h3><a href="/news/20131211/306053.htm">公職等嘸人　碩博生占缺不公平？！ </a></h3>
  					<h3><a href="/news/20131211/306055.htm">永豐選擇權評論—買賣權同升 </a></h3>
  					<h3><a href="/news/20131211/306054.htm">永豐台指評論—金融續強指數衝新高　8500點得而復失 </a></h3>
  					<h3><a href="/news/20131211/306052.htm">統一選擇權評論—賣買權未平倉比下降至1.09 </a></h3>
  					<h3><a href="/news/20131211/306051.htm">鼎泰豐等知名企業　釋4千職缺 </a></h3>
  					<h3><a href="/news/20131211/306050.htm">統一台指評論—多方偷襲8500　創高後遭空方痛擊反跌 </a></h3>
  					<h3><a href="/news/20131211/306042.htm">清玉短袖制服不換季　寒流來內加長袖禁穿外套 </a></h3>
  					<h3><a href="/news/20131211/306049.htm">考森林護管員　第1關先騎打檔車 </a></h3>
  					<h3><a href="/news/20131211/306044.htm">速食店搶跨年「宅」商機　分享餐降價拼買氣　 </a></h3>
  					<h3><a href="/news/20131211/306048.htm">雲品副總李慧娟　服務入心 </a></h3>
蔡學良案烏龍？國防部：高院要求做「人體彈道測試」 
HBL／安樂爆冷退北一女　衛冕軍永仁3連勝晉級 
長庚女大生險遭拉上車　嘉義警方追2嫌 
冬聯／最年長赤堀大智4支4　拿第2座MVP 
2014新希望　馬英九：拼經濟讓民眾短期有感 
新航學生方案　赴紐澳歐免費行李託運提升至40公斤 
冬聯／日職狂敲14安　開打以來14場11勝 
胰島素分泌促脂肪堆積　狂喝「健怡」可樂恐越減越肥 
大陸霾害襲台趨緩　環署解除預警 
好萊塢賠錢貨！亞當山德勒糗登榜首  帥哥萊恩也進榜 
鬍鬚張連4年加薪　幾分甜加薪1成 
兵變被討債　役男勒殺性侵三重母女起訴 
觀光菁英養成班　送你出國進修 
海倫清桃曾當洗碗工　時薪5美金 
名模錢帥君談打工　話多被Fire 
星國開雙倍薪水　徵台灣幼教人才 
不砍樹也能造紙！台南大理石商研發C2C認證「石頭紙」 
王應傑：五千元創造億萬人生 
元大寶來台指評論—天險之說遭破解　賣壓趁隙湧出籠 
品嘗免費料理！　高雄烏魚文化節14日登場 
公職等嘸人　碩博生占缺不公平？！ 
永豐選擇權評論—買賣權同升 
永豐台指評論—金融續強指數衝新高　8500點得而復失 
統一選擇權評論—賣買權未平倉比下降至1.09 
鼎泰豐等知名企業　釋4千職缺 
統一台指評論—多方偷襲8500　創高後遭空方痛擊反跌 
清玉短袖制服不換季　寒流來內加長袖禁穿外套 
考森林護管員　第1關先騎打檔車 
速食店搶跨年「宅」商機　分享餐降價拼買氣　 
雲品副總李慧娟　服務入心 
]]></system-out>
  <system-err><![CDATA[]]></system-err>
</testsuite>
