<?xml version="1.0" encoding="UTF-8" ?>
<testsuite errors="0" failures="1" hostname="chi" name="CrawlerTest" tests="3" time="0.367" timestamp="2014-01-09T02:05:39">
  <properties>
[...]
</properties>
  <testcase classname="CrawlerTest" name="testconnecter" time="0.147" />
  <testcase classname="CrawlerTest" name="testspliter" time="0.081" />
  <testcase classname="CrawlerTest" name="testmySQL_storage" time="0.012">
    <failure message="�椸��թ|�����g" type="junit.framework.AssertionFailedError">junit.framework.AssertionFailedError: �椸��թ|�����g
	at CrawlerTest.testmySQL_storage(CrawlerTest.java:31)
</failure>
  </testcase>
  <system-out><![CDATA[  					<h3><a href="/news/20140109/314430.htm">權證專頁各欄位說明 </a></h3>
  					<h3><a href="/news/20140109/314412.htm">「你代代做婊子！」　雲南再爆惡導遊罵人 </a></h3>
  					<h3><a href="/news/20140109/314286.htm">年前改相轉運　電波、超音波拉皮療程夯 </a></h3>
  					<h3><a href="/news/20140109/311742.htm">午餐食客／宇宙最強澳門豬扒包？　葡式蛋撻餡滑皮酥！ </a></h3>
  					<h3><a href="/news/20140109/314429.htm">MLB／瘋狗、葛拉文與重傷害　攜手進入名人堂 </a></h3>
  					<h3><a href="/news/20140109/314426.htm">2014再簽1個FTA　傳智利將成我自由貿易夥伴 </a></h3>
  					<h3><a href="/news/20140109/314424.htm">CES 2014／三星 SMART Camera WB350F 動手玩 </a></h3>
  					<h3><a href="/news/20140109/314417.htm">快訊／湖人強勢壓境、多點開花　火箭首節4分落後 </a></h3>
  					<h3><a href="/news/20140109/314418.htm">發哥論球／迎世足年木蘭該追啥風格 </a></h3>
  					<h3><a href="/news/20140109/314399.htm">汪東城名字遭盜用！　臉書帳號攏是假圈內藝人也上當 </a></h3>
  					<h3><a href="/news/20140109/314398.htm">拿行李霸佔台鐵座位挨轟　「珍珠哥」怒丟正義伯粉圓 </a></h3>
  					<h3><a href="/news/20140109/314344.htm">流浪貓成為辦公室寵物　也因此找到永遠的主人 </a></h3>
  					<h3><a href="/news/20140109/314381.htm">「狐狸舞」露內褲判性騷　女教官：高二生動作讓我受驚 </a></h3>
  					<h3><a href="/news/20140109/314231.htm">點一碗蜆粥得到一桌菜！還有「埋土發酵」怪味魚料理 </a></h3>
  					<h3><a href="/news/20140109/314195.htm">S6600自拍掌門側翻450度　抓住你最美的黃金45度角 </a></h3>
  					<h3><a href="/news/20140109/314404.htm">林克穎引渡庭首日　律師堅稱台灣非主權獨立國 </a></h3>
  					<h3><a href="/news/20140109/310687.htm">瘋電影／掃毒　三大男神影帝鬥戲 </a></h3>
  					<h3><a href="/news/20140109/314400.htm">快訊／搶名醫妻割耳　永康街剪刀匪今晨落網 </a></h3>
  					<h3><a href="/news/20140109/314383.htm">62萬輛身障車免稅65億　賓士8150輛、凱迪拉克222輛 </a></h3>
  					<h3><a href="/news/20140109/314209.htm">京都「鴨川納涼」人太多無法招架　2014年起停辦 </a></h3>
  					<h3><a href="/news/20140109/314377.htm">CES 2014／雷蛇發表 Project Christine 概念電腦 </a></h3>
  					<h3><a href="/news/20140109/314396.htm">CES 2014／Panasonic 展出首款 4K 相機與穿戴式攝影機 </a></h3>
  					<h3><a href="/news/20140109/314394.htm">CES 2014／ZTE 展出旗下首款 DIY 手機最快今年上市 </a></h3>
  					<h3><a href="/news/20140109/314094.htm">台南國際鼓樂節初一登場　集結4國鼓聲震撼億載金城 </a></h3>
  					<h3><a href="/news/20140109/314389.htm">0109財經早報頭版頭條 </a></h3>
  					<h3><a href="/news/20140109/314388.htm">0109四大報頭版頭條 連勝文：艦隊待命等發動引擎 </a></h3>
  					<h3><a href="/news/20140109/314385.htm">CES 2014／Kingston發表 USB 3.0 個人用加密隨身碟 </a></h3>
  					<h3><a href="/news/20140109/314384.htm">CES 2014／AORUS 全球最輕 17 吋GTX雙獨顯電競筆電 X7 </a></h3>
  					<h3><a href="/news/20140109/314376.htm">不是PS！亞馬遜巨型包裹　發言人證實：真的是一輛車啦 </a></h3>
  					<h3><a href="/news/20140109/314337.htm">泰國反對派「封鎖曼谷」　6成民眾憂暴力衝突 </a></h3>
權證專頁各欄位說明 
「你代代做婊子！」　雲南再爆惡導遊罵人 
年前改相轉運　電波、超音波拉皮療程夯 
午餐食客／宇宙最強澳門豬扒包？　葡式蛋撻餡滑皮酥！ 
MLB／瘋狗、葛拉文與重傷害　攜手進入名人堂 
2014再簽1個FTA　傳智利將成我自由貿易夥伴 
CES 2014／三星 SMART Camera WB350F 動手玩 
快訊／湖人強勢壓境、多點開花　火箭首節4分落後 
發哥論球／迎世足年木蘭該追啥風格 
汪東城名字遭盜用！　臉書帳號攏是假圈內藝人也上當 
拿行李霸佔台鐵座位挨轟　「珍珠哥」怒丟正義伯粉圓 
流浪貓成為辦公室寵物　也因此找到永遠的主人 
「狐狸舞」露內褲判性騷　女教官：高二生動作讓我受驚 
點一碗蜆粥得到一桌菜！還有「埋土發酵」怪味魚料理 
S6600自拍掌門側翻450度　抓住你最美的黃金45度角 
林克穎引渡庭首日　律師堅稱台灣非主權獨立國 
瘋電影／掃毒　三大男神影帝鬥戲 
快訊／搶名醫妻割耳　永康街剪刀匪今晨落網 
62萬輛身障車免稅65億　賓士8150輛、凱迪拉克222輛 
京都「鴨川納涼」人太多無法招架　2014年起停辦 
CES 2014／雷蛇發表 Project Christine 概念電腦 
CES 2014／Panasonic 展出首款 4K 相機與穿戴式攝影機 
CES 2014／ZTE 展出旗下首款 DIY 手機最快今年上市 
台南國際鼓樂節初一登場　集結4國鼓聲震撼億載金城 
0109財經早報頭版頭條 
0109四大報頭版頭條 連勝文：艦隊待命等發動引擎 
CES 2014／Kingston發表 USB 3.0 個人用加密隨身碟 
CES 2014／AORUS 全球最輕 17 吋GTX雙獨顯電競筆電 X7 
不是PS！亞馬遜巨型包裹　發言人證實：真的是一輛車啦 
泰國反對派「封鎖曼谷」　6成民眾憂暴力衝突 
]]></system-out>
  <system-err><![CDATA[]]></system-err>
</testsuite>
